0 info it worked if it ends with ok
1 verbose cli [ '/usr/local/Cellar/node/0.10.15/bin/node',
1 verbose cli   '/usr/local/bin/npm',
1 verbose cli   'publish' ]
2 info using npm@1.3.5
3 info using node@v0.10.15
4 verbose publish [ '.' ]
5 verbose cache add [ '.', null ]
6 verbose cache add name=undefined spec="." args=[".",null]
7 verbose parsed url { protocol: null,
7 verbose parsed url   slashes: null,
7 verbose parsed url   auth: null,
7 verbose parsed url   host: null,
7 verbose parsed url   port: null,
7 verbose parsed url   hostname: null,
7 verbose parsed url   hash: null,
7 verbose parsed url   search: null,
7 verbose parsed url   query: null,
7 verbose parsed url   pathname: '.',
7 verbose parsed url   path: '.',
7 verbose parsed url   href: '.' }
8 silly lockFile 3a52ce78- .
9 verbose lock . /Users/abeuge/.npm/3a52ce78-.lock
10 verbose tar pack [ '/var/folders/pt/rf2yfwl966s58fg8ytw52jlh0000gn/T/npm-2963-wHaEHcda/1385322899474-0.643587491940707/tmp.tgz',
10 verbose tar pack   '.' ]
11 verbose tarball /var/folders/pt/rf2yfwl966s58fg8ytw52jlh0000gn/T/npm-2963-wHaEHcda/1385322899474-0.643587491940707/tmp.tgz
12 verbose folder .
13 info prepublish node-riakcs@0.0.3
14 silly lockFile 1f1177db-tar tar://.
15 verbose lock tar://. /Users/abeuge/.npm/1f1177db-tar.lock
16 silly lockFile 2b4efd7e-899474-0-643587491940707-tmp-tgz tar:///var/folders/pt/rf2yfwl966s58fg8ytw52jlh0000gn/T/npm-2963-wHaEHcda/1385322899474-0.643587491940707/tmp.tgz
17 verbose lock tar:///var/folders/pt/rf2yfwl966s58fg8ytw52jlh0000gn/T/npm-2963-wHaEHcda/1385322899474-0.643587491940707/tmp.tgz /Users/abeuge/.npm/2b4efd7e-899474-0-643587491940707-tmp-tgz.lock
18 silly lockFile 1f1177db-tar tar://.
19 silly lockFile 1f1177db-tar tar://.
20 silly lockFile 2b4efd7e-899474-0-643587491940707-tmp-tgz tar:///var/folders/pt/rf2yfwl966s58fg8ytw52jlh0000gn/T/npm-2963-wHaEHcda/1385322899474-0.643587491940707/tmp.tgz
21 silly lockFile 2b4efd7e-899474-0-643587491940707-tmp-tgz tar:///var/folders/pt/rf2yfwl966s58fg8ytw52jlh0000gn/T/npm-2963-wHaEHcda/1385322899474-0.643587491940707/tmp.tgz
22 verbose tar unpack /var/folders/pt/rf2yfwl966s58fg8ytw52jlh0000gn/T/npm-2963-wHaEHcda/1385322899474-0.643587491940707/tmp.tgz
23 silly lockFile 8d73a6c8-899474-0-643587491940707-package tar:///var/folders/pt/rf2yfwl966s58fg8ytw52jlh0000gn/T/npm-2963-wHaEHcda/1385322899474-0.643587491940707/package
24 verbose lock tar:///var/folders/pt/rf2yfwl966s58fg8ytw52jlh0000gn/T/npm-2963-wHaEHcda/1385322899474-0.643587491940707/package /Users/abeuge/.npm/8d73a6c8-899474-0-643587491940707-package.lock
25 silly lockFile 2b4efd7e-899474-0-643587491940707-tmp-tgz tar:///var/folders/pt/rf2yfwl966s58fg8ytw52jlh0000gn/T/npm-2963-wHaEHcda/1385322899474-0.643587491940707/tmp.tgz
26 verbose lock tar:///var/folders/pt/rf2yfwl966s58fg8ytw52jlh0000gn/T/npm-2963-wHaEHcda/1385322899474-0.643587491940707/tmp.tgz /Users/abeuge/.npm/2b4efd7e-899474-0-643587491940707-tmp-tgz.lock
27 silly gunzTarPerm modes [ '755', '644' ]
28 silly gunzTarPerm extractEntry package.json
29 silly gunzTarPerm extractEntry .npmignore
30 silly gunzTarPerm extractEntry README.md
31 silly gunzTarPerm extractEntry awssum.js
32 silly gunzTarPerm extractEntry esc.js
33 silly gunzTarPerm extractEntry riakcs.js
34 silly gunzTarPerm extractEntry s3-config.js
35 silly gunzTarPerm extractEntry s3.js
36 silly lockFile 8d73a6c8-899474-0-643587491940707-package tar:///var/folders/pt/rf2yfwl966s58fg8ytw52jlh0000gn/T/npm-2963-wHaEHcda/1385322899474-0.643587491940707/package
37 silly lockFile 8d73a6c8-899474-0-643587491940707-package tar:///var/folders/pt/rf2yfwl966s58fg8ytw52jlh0000gn/T/npm-2963-wHaEHcda/1385322899474-0.643587491940707/package
38 silly lockFile 2b4efd7e-899474-0-643587491940707-tmp-tgz tar:///var/folders/pt/rf2yfwl966s58fg8ytw52jlh0000gn/T/npm-2963-wHaEHcda/1385322899474-0.643587491940707/tmp.tgz
39 silly lockFile 2b4efd7e-899474-0-643587491940707-tmp-tgz tar:///var/folders/pt/rf2yfwl966s58fg8ytw52jlh0000gn/T/npm-2963-wHaEHcda/1385322899474-0.643587491940707/tmp.tgz
40 verbose tar pack [ '/Users/abeuge/.npm/node-riakcs/0.0.3/package.tgz',
40 verbose tar pack   '/var/folders/pt/rf2yfwl966s58fg8ytw52jlh0000gn/T/npm-2963-wHaEHcda/1385322899474-0.643587491940707/package' ]
41 verbose tarball /Users/abeuge/.npm/node-riakcs/0.0.3/package.tgz
42 verbose folder /var/folders/pt/rf2yfwl966s58fg8ytw52jlh0000gn/T/npm-2963-wHaEHcda/1385322899474-0.643587491940707/package
43 silly lockFile 8d73a6c8-899474-0-643587491940707-package tar:///var/folders/pt/rf2yfwl966s58fg8ytw52jlh0000gn/T/npm-2963-wHaEHcda/1385322899474-0.643587491940707/package
44 verbose lock tar:///var/folders/pt/rf2yfwl966s58fg8ytw52jlh0000gn/T/npm-2963-wHaEHcda/1385322899474-0.643587491940707/package /Users/abeuge/.npm/8d73a6c8-899474-0-643587491940707-package.lock
45 silly lockFile faa71e72-pm-node-riakcs-0-0-3-package-tgz tar:///Users/abeuge/.npm/node-riakcs/0.0.3/package.tgz
46 verbose lock tar:///Users/abeuge/.npm/node-riakcs/0.0.3/package.tgz /Users/abeuge/.npm/faa71e72-pm-node-riakcs-0-0-3-package-tgz.lock
47 silly lockFile 8d73a6c8-899474-0-643587491940707-package tar:///var/folders/pt/rf2yfwl966s58fg8ytw52jlh0000gn/T/npm-2963-wHaEHcda/1385322899474-0.643587491940707/package
48 silly lockFile 8d73a6c8-899474-0-643587491940707-package tar:///var/folders/pt/rf2yfwl966s58fg8ytw52jlh0000gn/T/npm-2963-wHaEHcda/1385322899474-0.643587491940707/package
49 silly lockFile faa71e72-pm-node-riakcs-0-0-3-package-tgz tar:///Users/abeuge/.npm/node-riakcs/0.0.3/package.tgz
50 silly lockFile faa71e72-pm-node-riakcs-0-0-3-package-tgz tar:///Users/abeuge/.npm/node-riakcs/0.0.3/package.tgz
51 silly lockFile 44f959c8-ge-npm-node-riakcs-0-0-3-package /Users/abeuge/.npm/node-riakcs/0.0.3/package
52 verbose lock /Users/abeuge/.npm/node-riakcs/0.0.3/package /Users/abeuge/.npm/44f959c8-ge-npm-node-riakcs-0-0-3-package.lock
53 silly lockFile 44f959c8-ge-npm-node-riakcs-0-0-3-package /Users/abeuge/.npm/node-riakcs/0.0.3/package
54 silly lockFile 44f959c8-ge-npm-node-riakcs-0-0-3-package /Users/abeuge/.npm/node-riakcs/0.0.3/package
55 verbose tar unpack /Users/abeuge/.npm/node-riakcs/0.0.3/package.tgz
56 silly lockFile 8375d4ad-ge-npm-node-riakcs-0-0-3-package tar:///Users/abeuge/.npm/node-riakcs/0.0.3/package
57 verbose lock tar:///Users/abeuge/.npm/node-riakcs/0.0.3/package /Users/abeuge/.npm/8375d4ad-ge-npm-node-riakcs-0-0-3-package.lock
58 silly lockFile faa71e72-pm-node-riakcs-0-0-3-package-tgz tar:///Users/abeuge/.npm/node-riakcs/0.0.3/package.tgz
59 verbose lock tar:///Users/abeuge/.npm/node-riakcs/0.0.3/package.tgz /Users/abeuge/.npm/faa71e72-pm-node-riakcs-0-0-3-package-tgz.lock
60 silly gunzTarPerm modes [ '755', '644' ]
61 silly gunzTarPerm extractEntry package.json
62 silly gunzTarPerm extractEntry .npmignore
63 silly gunzTarPerm extractEntry README.md
64 silly gunzTarPerm extractEntry awssum.js
65 silly gunzTarPerm extractEntry esc.js
66 silly gunzTarPerm extractEntry riakcs.js
67 silly gunzTarPerm extractEntry s3-config.js
68 silly gunzTarPerm extractEntry s3.js
69 silly lockFile 8375d4ad-ge-npm-node-riakcs-0-0-3-package tar:///Users/abeuge/.npm/node-riakcs/0.0.3/package
70 silly lockFile 8375d4ad-ge-npm-node-riakcs-0-0-3-package tar:///Users/abeuge/.npm/node-riakcs/0.0.3/package
71 silly lockFile faa71e72-pm-node-riakcs-0-0-3-package-tgz tar:///Users/abeuge/.npm/node-riakcs/0.0.3/package.tgz
72 silly lockFile faa71e72-pm-node-riakcs-0-0-3-package-tgz tar:///Users/abeuge/.npm/node-riakcs/0.0.3/package.tgz
73 verbose chmod /Users/abeuge/.npm/node-riakcs/0.0.3/package.tgz 644
74 verbose chown /Users/abeuge/.npm/node-riakcs/0.0.3/package.tgz [ 501, 20 ]
75 silly lockFile 3a52ce78- .
76 silly lockFile 3a52ce78- .
77 silly publish { name: 'node-riakcs',
77 silly publish   description: 'npm package for NodeJS to talk to riakCS',
77 silly publish   version: '0.0.3',
77 silly publish   author:
77 silly publish    { name: 'Andy Beuge',
77 silly publish      email: 'a.beuge@betzold.de',
77 silly publish      url: 'https://blog.herrbeesch.fuettertdasnetz.de' },
77 silly publish   homepage: 'https://github.com/herrbeesch/node-riakcs',
77 silly publish   contributors: [],
77 silly publish   dependencies:
77 silly publish    { fmt: '>= 0.4.0',
77 silly publish      underscore: '>= 1.3.3',
77 silly publish      xml2js: '~ 0.1.14',
77 silly publish      dateformat: '>= 1.0.2-1.2.3',
77 silly publish      xml: '>= 0.0.7',
77 silly publish      data2xml: '0.4.x',
77 silly publish      passgen: '>= 1.0.1',
77 silly publish      request: '>=2.12.0' },
77 silly publish   main: 'awssum.js',
77 silly publish   engines: { node: '>= 0.6.0' },
77 silly publish   repository:
77 silly publish    { type: 'git',
77 silly publish      url: 'git://github.com/herrbeesch/node-riakcs.git' },
77 silly publish   bugs:
77 silly publish    { url: 'http://github.com/herrbeesch/node-riakcs/issues',
77 silly publish      email: 'a.beuge@betzold.de' },
77 silly publish   licenses:
77 silly publish    [ { type: 'MIT',
77 silly publish        url: 'http://github.com/appsattic/node-awssum/raw/master/LICENSE' } ],
77 silly publish   keywords: [ 'api', 'riakcs', 's3' ],
77 silly publish   _id: 'node-riakcs@0.0.3',
77 silly publish   optionalDependencies: {},
77 silly publish   _engineSupported: true,
77 silly publish   _npmVersion: '1.1.22',
77 silly publish   _nodeVersion: 'v0.6.18',
77 silly publish   _defaultsLoaded: true,
77 silly publish   _from: '.',
77 silly publish   readme: '# node-riakcs \n#####talk to riakCS like you would with awssum\n\n## Install\n\n<pre>\n  npm install node-riakcs\n</pre>\n\n### Configure your client \n\nRequest is designed to be the simplest way possible to make http calls. It supports HTTP.\n\n```javascript\nvar S3, awssum, riakcs, s3;\nawssum = require(\'node-riakcs/awssum\');\nriakcs = awssum.load(\'riakcs\');\nriakcs.MYREGION = "<YOUR_HOST_OR_REGION>";\nS3 = awssum.load(\'s3\').S3;\nS3.endPoint[riakcs.MYREGION] = "<YOUR_HOST_OR_REGION>";\n\nvar s3 = new S3({\n    \'accessKeyId\' : "<YOUR_KEY_ID>",\n    \'secretAccessKey\' : "<YOUR_SECRET>",\n    \'region\' : riakcs.MYREGION,\n    \'hostname\' : "<YOUR_HOST>"\n});\n```\n## Examples (coffeescript + fmt)\n\n### Get Buckets\n\n```coffeescript\nrequire \'fmt\'\ns3.ListBuckets (err, data)->\n  if err?\n    fmt.dump err, \'err\'\n  if data?\n    fmt.dump data, \'data\'\n```\n\n### Create a Bucket\n\n```coffeescript\nrequire \'fmt\'\n\nbucketArgs = {\n  BucketName : \'myBucket\',\n}\n\ns3.CreateBucket bucketArgs , (err, data)->\n  if err?\n    fmt.dump err, \'err\'\n  else  \n    fmt.dump data, \'data\'\n```\n\n\n### Create a user (as admin user)\n\n```coffeescript\nrequire \'fmt\'\n\nuserArgs = {\n  Email: \'myname@mydomain.com\',\n  Name: \'my name\',\n  ContentType: \'application/json\',\n  UserPath : \'riak-cs/user\'\n}\n\ns3.CreateUser userArgs, (err, data)->\n  if err?\n    fmt.dump err, \'err\'\n  if data?\n    fmt.dump data, \'data\'\n```\n\n\n### Get user information (as admin user for every user, or for oneself)\n```coffeescript\nrequire \'fmt\'\n\ns3.GetUser { ObjectName : "<USER_KEYS>", UserPath : \'riak-cs/user/\'}, (err, data)->\n  if err? \n    fmt.dump err, \'err\'\n  if data?\n    fmt.dump data, \'data\'\n```',
77 silly publish   readmeFilename: 'README.md',
77 silly publish   dist: { shasum: '62e68587d4dbf61ddca459cf3ef83099389e1c31' } }
78 verbose url raw node-riakcs
79 verbose url resolving [ 'https://registry.npmjs.org/', './node-riakcs' ]
80 verbose url resolved https://registry.npmjs.org/node-riakcs
81 info trying registry request attempt 1 at 20:54:59
82 http PUT https://registry.npmjs.org/node-riakcs
83 http 409 https://registry.npmjs.org/node-riakcs
84 verbose url raw node-riakcs
85 verbose url resolving [ 'https://registry.npmjs.org/', './node-riakcs' ]
86 verbose url resolved https://registry.npmjs.org/node-riakcs
87 info trying registry request attempt 1 at 20:55:01
88 http GET https://registry.npmjs.org/node-riakcs
89 http 200 https://registry.npmjs.org/node-riakcs
90 error publish fail Cannot publish over existing version.
90 error publish fail Update the 'version' field in package.json and try again.
90 error publish fail
90 error publish fail If the previous version was published in error, see:
90 error publish fail     npm help unpublish
90 error publish fail
90 error publish fail To automatically increment version numbers, see:
90 error publish fail     npm help version
91 error System Darwin 13.0.0
92 error command "/usr/local/Cellar/node/0.10.15/bin/node" "/usr/local/bin/npm" "publish"
93 error cwd /Users/abeuge/Workspace/Node/node-riakcs
94 error node -v v0.10.15
95 error npm -v 1.3.5
96 error code EPUBLISHCONFLICT
97 verbose exit [ 1, true ]
